<?xml version="1.0" encoding="UTF-8"?>
<!-- Generated by org.testng.reporters.JUnitReportReporter -->
<testsuite hostname="DESKTOP-4O6QNOC" failures="0" tests="5" name="salesForceNew.test.tests.RunnerSalesforce" time="31.413" errors="0" timestamp="2022-10-06T15:23:17 CDT" skipped="0">
  <testcase classname="salesForceNew.test.tests.RunnerSalesforce" name="runScenario" time="9.141"/>
  <system-out/>
  <testcase classname="salesForceNew.test.tests.RunnerSalesforce" name="runScenario" time="3.319"/>
  <system-out/>
  <testcase classname="salesForceNew.test.tests.RunnerSalesforce" name="runScenario" time="11.167"/>
  <system-out/>
  <testcase classname="salesForceNew.test.tests.RunnerSalesforce" name="runScenario" time="4.167"/>
  <system-out/>
  <testcase classname="salesForceNew.test.tests.RunnerSalesforce" name="runScenario" time="3.619"/>
  <system-out/>
</testsuite> <!-- salesForceNew.test.tests.RunnerSalesforce -->
